<?xml version="1.0" encoding="UTF-8"?>
<testng-results ignored="0" total="1" passed="1" failed="0" skipped="0">
  <reporter-output>
  </reporter-output>
  <suite started-at="2021-12-14T21:52:24 IST" name="Default suite" finished-at="2021-12-14T21:53:08 IST" duration-ms="44738">
    <groups>
    </groups>
    <test started-at="2021-12-14T21:52:24 IST" name="Default test" finished-at="2021-12-14T21:53:08 IST" duration-ms="44738">
      <class name="mavenTutorial.com.Sample_mvn_Project.SeleniumTest">
        <test-method signature="BrowserAutomation()[pri:0, instance:mavenTutorial.com.Sample_mvn_Project.SeleniumTest@402bba4f]" started-at="2021-12-14T21:52:24 IST" name="BrowserAutomation" finished-at="2021-12-14T21:53:08 IST" duration-ms="44629" status="PASS">
          <reporter-output>
          </reporter-output>
        </test-method> <!-- BrowserAutomation -->
      </class> <!-- mavenTutorial.com.Sample_mvn_Project.SeleniumTest -->
    </test> <!-- Default test -->
  </suite> <!-- Default suite -->
</testng-results>
